01/01/05 01:30:11 INFO  objectstorage: Registering Repository org.apache.james.mailrepository.filepair.File_Persistent_Object_Repository
01/01/05 01:30:11 INFO  objectstorage:    for file,OBJECT,SYNCHRONOUS
01/01/05 01:30:11 INFO  objectstorage:    for file,OBJECT,ASYNCHRONOUS
01/01/05 01:30:11 INFO  objectstorage:    for file,OBJECT,CACHE
01/01/05 01:30:11 INFO  objectstorage: Registering Repository org.apache.james.mailrepository.filepair.File_Persistent_Stream_Repository
01/01/05 01:30:11 INFO  objectstorage:    for file,STREAM,SYNCHRONOUS
01/01/05 01:30:11 INFO  objectstorage:    for file,STREAM,ASYNCHRONOUS
01/01/05 01:30:11 INFO  objectstorage:    for file,STREAM,CACHE
01/01/05 01:30:11 INFO  objectstorage.repository: Init org.apache.james.mailrepository.filepair.File_Persistent_Stream_Repository Store
01/01/05 01:30:11 INFO  objectstorage.repository: org.apache.james.mailrepository.filepair.File_Persistent_Stream_Repository opened in E:\ARJUN\BACKUP\Project Content\ARJUN\30.Intrinisic MailService\james-2.1.3\james-2.1.3\apps\james\var\mail\spool
01/01/05 01:30:11 INFO  objectstorage: New instance of org.apache.james.mailrepository.filepair.File_Persistent_Stream_Repository created for file://var/mail/spool/
01/01/05 01:30:11 INFO  objectstorage.repository: Init org.apache.james.mailrepository.filepair.File_Persistent_Object_Repository Store
01/01/05 01:30:11 INFO  objectstorage.repository: org.apache.james.mailrepository.filepair.File_Persistent_Object_Repository opened in E:\ARJUN\BACKUP\Project Content\ARJUN\30.Intrinisic MailService\james-2.1.3\james-2.1.3\apps\james\var\mail\spool
01/01/05 01:30:11 INFO  objectstorage: New instance of org.apache.james.mailrepository.filepair.File_Persistent_Object_Repository created for file://var/mail/spool/
01/01/05 01:30:11 INFO  objectstorage.repository: Init org.apache.james.mailrepository.filepair.File_Persistent_Object_Repository Store
01/01/05 01:30:11 INFO  objectstorage.repository: org.apache.james.mailrepository.filepair.File_Persistent_Object_Repository opened in E:\ARJUN\BACKUP\Project Content\ARJUN\30.Intrinisic MailService\james-2.1.3\james-2.1.3\apps\james\var\users
01/01/05 01:30:11 INFO  objectstorage: New instance of org.apache.james.mailrepository.filepair.File_Persistent_Object_Repository created for file://var/users//
01/01/05 01:30:11 INFO  objectstorage.repository: Init org.apache.james.mailrepository.filepair.File_Persistent_Stream_Repository Store
01/01/05 01:30:11 INFO  objectstorage.repository: org.apache.james.mailrepository.filepair.File_Persistent_Stream_Repository opened in E:\ARJUN\BACKUP\Project Content\ARJUN\30.Intrinisic MailService\james-2.1.3\james-2.1.3\apps\james\var\mail\inboxes
01/01/05 01:30:11 INFO  objectstorage: New instance of org.apache.james.mailrepository.filepair.File_Persistent_Stream_Repository created for file://var/mail/inboxes/
01/01/05 01:30:11 INFO  objectstorage.repository: Init org.apache.james.mailrepository.filepair.File_Persistent_Object_Repository Store
01/01/05 01:30:11 INFO  objectstorage.repository: org.apache.james.mailrepository.filepair.File_Persistent_Object_Repository opened in E:\ARJUN\BACKUP\Project Content\ARJUN\30.Intrinisic MailService\james-2.1.3\james-2.1.3\apps\james\var\mail\inboxes
01/01/05 01:30:11 INFO  objectstorage: New instance of org.apache.james.mailrepository.filepair.File_Persistent_Object_Repository created for file://var/mail/inboxes/
01/01/05 01:30:12 INFO  objectstorage.repository: Init org.apache.james.mailrepository.filepair.File_Persistent_Stream_Repository Store
01/01/05 01:30:12 INFO  objectstorage.repository: org.apache.james.mailrepository.filepair.File_Persistent_Stream_Repository opened in E:\ARJUN\BACKUP\Project Content\ARJUN\30.Intrinisic MailService\james-2.1.3\james-2.1.3\apps\james\var\mail\error
01/01/05 01:30:12 INFO  objectstorage: New instance of org.apache.james.mailrepository.filepair.File_Persistent_Stream_Repository created for file://var/mail/error/
01/01/05 01:30:12 INFO  objectstorage.repository: Init org.apache.james.mailrepository.filepair.File_Persistent_Object_Repository Store
01/01/05 01:30:12 INFO  objectstorage.repository: org.apache.james.mailrepository.filepair.File_Persistent_Object_Repository opened in E:\ARJUN\BACKUP\Project Content\ARJUN\30.Intrinisic MailService\james-2.1.3\james-2.1.3\apps\james\var\mail\error
01/01/05 01:30:12 INFO  objectstorage: New instance of org.apache.james.mailrepository.filepair.File_Persistent_Object_Repository created for file://var/mail/error/
01/01/05 01:30:12 INFO  objectstorage.repository: Init org.apache.james.mailrepository.filepair.File_Persistent_Stream_Repository Store
01/01/05 01:30:12 INFO  objectstorage.repository: org.apache.james.mailrepository.filepair.File_Persistent_Stream_Repository opened in E:\ARJUN\BACKUP\Project Content\ARJUN\30.Intrinisic MailService\james-2.1.3\james-2.1.3\apps\james\var\mail\outgoing
01/01/05 01:30:12 INFO  objectstorage: New instance of org.apache.james.mailrepository.filepair.File_Persistent_Stream_Repository created for file://var/mail/outgoing/
01/01/05 01:30:12 INFO  objectstorage.repository: Init org.apache.james.mailrepository.filepair.File_Persistent_Object_Repository Store
01/01/05 01:30:12 INFO  objectstorage.repository: org.apache.james.mailrepository.filepair.File_Persistent_Object_Repository opened in E:\ARJUN\BACKUP\Project Content\ARJUN\30.Intrinisic MailService\james-2.1.3\james-2.1.3\apps\james\var\mail\outgoing
01/01/05 01:30:12 INFO  objectstorage: New instance of org.apache.james.mailrepository.filepair.File_Persistent_Object_Repository created for file://var/mail/outgoing/
01/01/05 01:30:12 INFO  objectstorage.repository: Init org.apache.james.mailrepository.filepair.File_Persistent_Stream_Repository Store
01/01/05 01:30:12 INFO  objectstorage.repository: org.apache.james.mailrepository.filepair.File_Persistent_Stream_Repository opened in E:\ARJUN\BACKUP\Project Content\ARJUN\30.Intrinisic MailService\james-2.1.3\james-2.1.3\apps\james\var\mail\spam
01/01/05 01:30:12 INFO  objectstorage: New instance of org.apache.james.mailrepository.filepair.File_Persistent_Stream_Repository created for file://var/mail/spam/
01/01/05 01:30:12 INFO  objectstorage.repository: Init org.apache.james.mailrepository.filepair.File_Persistent_Object_Repository Store
01/01/05 01:30:12 INFO  objectstorage.repository: org.apache.james.mailrepository.filepair.File_Persistent_Object_Repository opened in E:\ARJUN\BACKUP\Project Content\ARJUN\30.Intrinisic MailService\james-2.1.3\james-2.1.3\apps\james\var\mail\spam
01/01/05 01:30:12 INFO  objectstorage: New instance of org.apache.james.mailrepository.filepair.File_Persistent_Object_Repository created for file://var/mail/spam/
01/01/05 01:43:27 INFO  objectstorage.repository: Init org.apache.james.mailrepository.filepair.File_Persistent_Stream_Repository Store
01/01/05 01:43:27 INFO  objectstorage.repository: org.apache.james.mailrepository.filepair.File_Persistent_Stream_Repository opened in E:\ARJUN\BACKUP\Project Content\ARJUN\30.Intrinisic MailService\james-2.1.3\james-2.1.3\apps\james\var\mail\inboxes\bharath
01/01/05 01:43:27 INFO  objectstorage: New instance of org.apache.james.mailrepository.filepair.File_Persistent_Stream_Repository created for file://var/mail/inboxes/bharath/
01/01/05 01:43:27 INFO  objectstorage.repository: Init org.apache.james.mailrepository.filepair.File_Persistent_Object_Repository Store
01/01/05 01:43:27 INFO  objectstorage.repository: org.apache.james.mailrepository.filepair.File_Persistent_Object_Repository opened in E:\ARJUN\BACKUP\Project Content\ARJUN\30.Intrinisic MailService\james-2.1.3\james-2.1.3\apps\james\var\mail\inboxes\bharath
01/01/05 01:43:27 INFO  objectstorage: New instance of org.apache.james.mailrepository.filepair.File_Persistent_Object_Repository created for file://var/mail/inboxes/bharath/
