27/09/09 10:56:06 INFO  objectstorage: Registering Repository org.apache.james.mailrepository.filepair.File_Persistent_Object_Repository
27/09/09 10:56:06 INFO  objectstorage:    for file,OBJECT,SYNCHRONOUS
27/09/09 10:56:06 INFO  objectstorage:    for file,OBJECT,ASYNCHRONOUS
27/09/09 10:56:06 INFO  objectstorage:    for file,OBJECT,CACHE
27/09/09 10:56:06 INFO  objectstorage: Registering Repository org.apache.james.mailrepository.filepair.File_Persistent_Stream_Repository
27/09/09 10:56:06 INFO  objectstorage:    for file,STREAM,SYNCHRONOUS
27/09/09 10:56:06 INFO  objectstorage:    for file,STREAM,ASYNCHRONOUS
27/09/09 10:56:06 INFO  objectstorage:    for file,STREAM,CACHE
27/09/09 10:56:06 INFO  objectstorage.repository: Init org.apache.james.mailrepository.filepair.File_Persistent_Stream_Repository Store
27/09/09 10:56:06 INFO  objectstorage.repository: org.apache.james.mailrepository.filepair.File_Persistent_Stream_Repository opened in E:\TOTAL JAVA2010\Intrinsic Mail Service\james-2.1.3\james-2.1.3\apps\james\var\mail\spool
27/09/09 10:56:06 INFO  objectstorage: New instance of org.apache.james.mailrepository.filepair.File_Persistent_Stream_Repository created for file://var/mail/spool/
27/09/09 10:56:06 INFO  objectstorage.repository: Init org.apache.james.mailrepository.filepair.File_Persistent_Object_Repository Store
27/09/09 10:56:06 INFO  objectstorage.repository: org.apache.james.mailrepository.filepair.File_Persistent_Object_Repository opened in E:\TOTAL JAVA2010\Intrinsic Mail Service\james-2.1.3\james-2.1.3\apps\james\var\mail\spool
27/09/09 10:56:06 INFO  objectstorage: New instance of org.apache.james.mailrepository.filepair.File_Persistent_Object_Repository created for file://var/mail/spool/
27/09/09 10:56:06 INFO  objectstorage.repository: Init org.apache.james.mailrepository.filepair.File_Persistent_Object_Repository Store
27/09/09 10:56:06 INFO  objectstorage.repository: org.apache.james.mailrepository.filepair.File_Persistent_Object_Repository opened in E:\TOTAL JAVA2010\Intrinsic Mail Service\james-2.1.3\james-2.1.3\apps\james\var\users
27/09/09 10:56:06 INFO  objectstorage: New instance of org.apache.james.mailrepository.filepair.File_Persistent_Object_Repository created for file://var/users//
27/09/09 10:56:07 INFO  objectstorage.repository: Init org.apache.james.mailrepository.filepair.File_Persistent_Stream_Repository Store
27/09/09 10:56:07 INFO  objectstorage.repository: org.apache.james.mailrepository.filepair.File_Persistent_Stream_Repository opened in E:\TOTAL JAVA2010\Intrinsic Mail Service\james-2.1.3\james-2.1.3\apps\james\var\mail\inboxes
27/09/09 10:56:07 INFO  objectstorage: New instance of org.apache.james.mailrepository.filepair.File_Persistent_Stream_Repository created for file://var/mail/inboxes/
27/09/09 10:56:07 INFO  objectstorage.repository: Init org.apache.james.mailrepository.filepair.File_Persistent_Object_Repository Store
27/09/09 10:56:07 INFO  objectstorage.repository: org.apache.james.mailrepository.filepair.File_Persistent_Object_Repository opened in E:\TOTAL JAVA2010\Intrinsic Mail Service\james-2.1.3\james-2.1.3\apps\james\var\mail\inboxes
27/09/09 10:56:07 INFO  objectstorage: New instance of org.apache.james.mailrepository.filepair.File_Persistent_Object_Repository created for file://var/mail/inboxes/
27/09/09 10:56:07 INFO  objectstorage.repository: Init org.apache.james.mailrepository.filepair.File_Persistent_Stream_Repository Store
27/09/09 10:56:07 INFO  objectstorage.repository: org.apache.james.mailrepository.filepair.File_Persistent_Stream_Repository opened in E:\TOTAL JAVA2010\Intrinsic Mail Service\james-2.1.3\james-2.1.3\apps\james\var\mail\error
27/09/09 10:56:07 INFO  objectstorage: New instance of org.apache.james.mailrepository.filepair.File_Persistent_Stream_Repository created for file://var/mail/error/
27/09/09 10:56:07 INFO  objectstorage.repository: Init org.apache.james.mailrepository.filepair.File_Persistent_Object_Repository Store
27/09/09 10:56:07 INFO  objectstorage.repository: org.apache.james.mailrepository.filepair.File_Persistent_Object_Repository opened in E:\TOTAL JAVA2010\Intrinsic Mail Service\james-2.1.3\james-2.1.3\apps\james\var\mail\error
27/09/09 10:56:07 INFO  objectstorage: New instance of org.apache.james.mailrepository.filepair.File_Persistent_Object_Repository created for file://var/mail/error/
27/09/09 10:56:07 INFO  objectstorage.repository: Init org.apache.james.mailrepository.filepair.File_Persistent_Stream_Repository Store
27/09/09 10:56:07 INFO  objectstorage.repository: org.apache.james.mailrepository.filepair.File_Persistent_Stream_Repository opened in E:\TOTAL JAVA2010\Intrinsic Mail Service\james-2.1.3\james-2.1.3\apps\james\var\mail\outgoing
27/09/09 10:56:07 INFO  objectstorage: New instance of org.apache.james.mailrepository.filepair.File_Persistent_Stream_Repository created for file://var/mail/outgoing/
27/09/09 10:56:07 INFO  objectstorage.repository: Init org.apache.james.mailrepository.filepair.File_Persistent_Object_Repository Store
27/09/09 10:56:07 INFO  objectstorage.repository: org.apache.james.mailrepository.filepair.File_Persistent_Object_Repository opened in E:\TOTAL JAVA2010\Intrinsic Mail Service\james-2.1.3\james-2.1.3\apps\james\var\mail\outgoing
27/09/09 10:56:07 INFO  objectstorage: New instance of org.apache.james.mailrepository.filepair.File_Persistent_Object_Repository created for file://var/mail/outgoing/
27/09/09 10:56:07 INFO  objectstorage.repository: Init org.apache.james.mailrepository.filepair.File_Persistent_Stream_Repository Store
27/09/09 10:56:07 INFO  objectstorage.repository: org.apache.james.mailrepository.filepair.File_Persistent_Stream_Repository opened in E:\TOTAL JAVA2010\Intrinsic Mail Service\james-2.1.3\james-2.1.3\apps\james\var\mail\spam
27/09/09 10:56:07 INFO  objectstorage: New instance of org.apache.james.mailrepository.filepair.File_Persistent_Stream_Repository created for file://var/mail/spam/
27/09/09 10:56:07 INFO  objectstorage.repository: Init org.apache.james.mailrepository.filepair.File_Persistent_Object_Repository Store
27/09/09 10:56:07 INFO  objectstorage.repository: org.apache.james.mailrepository.filepair.File_Persistent_Object_Repository opened in E:\TOTAL JAVA2010\Intrinsic Mail Service\james-2.1.3\james-2.1.3\apps\james\var\mail\spam
27/09/09 10:56:07 INFO  objectstorage: New instance of org.apache.james.mailrepository.filepair.File_Persistent_Object_Repository created for file://var/mail/spam/
