06/03/07 10:18:41 INFO  objectstorage: Registering Repository org.apache.james.mailrepository.filepair.File_Persistent_Object_Repository
06/03/07 10:18:41 INFO  objectstorage:    for file,OBJECT,SYNCHRONOUS
06/03/07 10:18:41 INFO  objectstorage:    for file,OBJECT,ASYNCHRONOUS
06/03/07 10:18:41 INFO  objectstorage:    for file,OBJECT,CACHE
06/03/07 10:18:41 INFO  objectstorage: Registering Repository org.apache.james.mailrepository.filepair.File_Persistent_Stream_Repository
06/03/07 10:18:41 INFO  objectstorage:    for file,STREAM,SYNCHRONOUS
06/03/07 10:18:41 INFO  objectstorage:    for file,STREAM,ASYNCHRONOUS
06/03/07 10:18:41 INFO  objectstorage:    for file,STREAM,CACHE
06/03/07 10:18:42 INFO  objectstorage.repository: Init org.apache.james.mailrepository.filepair.File_Persistent_Stream_Repository Store
06/03/07 10:18:42 INFO  objectstorage.repository: org.apache.james.mailrepository.filepair.File_Persistent_Stream_Repository opened in C:\james-2.1.3\james-2.1.3\apps\james\var\mail\spool
06/03/07 10:18:42 INFO  objectstorage: New instance of org.apache.james.mailrepository.filepair.File_Persistent_Stream_Repository created for file://var/mail/spool/
06/03/07 10:18:42 INFO  objectstorage.repository: Init org.apache.james.mailrepository.filepair.File_Persistent_Object_Repository Store
06/03/07 10:18:42 INFO  objectstorage.repository: org.apache.james.mailrepository.filepair.File_Persistent_Object_Repository opened in C:\james-2.1.3\james-2.1.3\apps\james\var\mail\spool
06/03/07 10:18:42 INFO  objectstorage: New instance of org.apache.james.mailrepository.filepair.File_Persistent_Object_Repository created for file://var/mail/spool/
06/03/07 10:18:42 INFO  objectstorage.repository: Init org.apache.james.mailrepository.filepair.File_Persistent_Object_Repository Store
06/03/07 10:18:42 INFO  objectstorage.repository: org.apache.james.mailrepository.filepair.File_Persistent_Object_Repository opened in C:\james-2.1.3\james-2.1.3\apps\james\var\users
06/03/07 10:18:42 INFO  objectstorage: New instance of org.apache.james.mailrepository.filepair.File_Persistent_Object_Repository created for file://var/users//
06/03/07 10:18:43 INFO  objectstorage.repository: Init org.apache.james.mailrepository.filepair.File_Persistent_Stream_Repository Store
06/03/07 10:18:43 INFO  objectstorage.repository: org.apache.james.mailrepository.filepair.File_Persistent_Stream_Repository opened in C:\james-2.1.3\james-2.1.3\apps\james\var\mail\inboxes
06/03/07 10:18:43 INFO  objectstorage: New instance of org.apache.james.mailrepository.filepair.File_Persistent_Stream_Repository created for file://var/mail/inboxes/
06/03/07 10:18:43 INFO  objectstorage.repository: Init org.apache.james.mailrepository.filepair.File_Persistent_Object_Repository Store
06/03/07 10:18:43 INFO  objectstorage.repository: org.apache.james.mailrepository.filepair.File_Persistent_Object_Repository opened in C:\james-2.1.3\james-2.1.3\apps\james\var\mail\inboxes
06/03/07 10:18:43 INFO  objectstorage: New instance of org.apache.james.mailrepository.filepair.File_Persistent_Object_Repository created for file://var/mail/inboxes/
06/03/07 10:18:43 INFO  objectstorage.repository: Init org.apache.james.mailrepository.filepair.File_Persistent_Stream_Repository Store
06/03/07 10:18:43 INFO  objectstorage.repository: org.apache.james.mailrepository.filepair.File_Persistent_Stream_Repository opened in C:\james-2.1.3\james-2.1.3\apps\james\var\mail\error
06/03/07 10:18:43 INFO  objectstorage: New instance of org.apache.james.mailrepository.filepair.File_Persistent_Stream_Repository created for file://var/mail/error/
06/03/07 10:18:43 INFO  objectstorage.repository: Init org.apache.james.mailrepository.filepair.File_Persistent_Object_Repository Store
06/03/07 10:18:43 INFO  objectstorage.repository: org.apache.james.mailrepository.filepair.File_Persistent_Object_Repository opened in C:\james-2.1.3\james-2.1.3\apps\james\var\mail\error
06/03/07 10:18:43 INFO  objectstorage: New instance of org.apache.james.mailrepository.filepair.File_Persistent_Object_Repository created for file://var/mail/error/
06/03/07 10:18:43 INFO  objectstorage.repository: Init org.apache.james.mailrepository.filepair.File_Persistent_Stream_Repository Store
06/03/07 10:18:43 INFO  objectstorage.repository: org.apache.james.mailrepository.filepair.File_Persistent_Stream_Repository opened in C:\james-2.1.3\james-2.1.3\apps\james\var\mail\outgoing
06/03/07 10:18:43 INFO  objectstorage: New instance of org.apache.james.mailrepository.filepair.File_Persistent_Stream_Repository created for file://var/mail/outgoing/
06/03/07 10:18:43 INFO  objectstorage.repository: Init org.apache.james.mailrepository.filepair.File_Persistent_Object_Repository Store
06/03/07 10:18:43 INFO  objectstorage.repository: org.apache.james.mailrepository.filepair.File_Persistent_Object_Repository opened in C:\james-2.1.3\james-2.1.3\apps\james\var\mail\outgoing
06/03/07 10:18:43 INFO  objectstorage: New instance of org.apache.james.mailrepository.filepair.File_Persistent_Object_Repository created for file://var/mail/outgoing/
06/03/07 10:18:43 INFO  objectstorage.repository: Init org.apache.james.mailrepository.filepair.File_Persistent_Stream_Repository Store
06/03/07 10:18:43 INFO  objectstorage.repository: org.apache.james.mailrepository.filepair.File_Persistent_Stream_Repository opened in C:\james-2.1.3\james-2.1.3\apps\james\var\mail\spam
06/03/07 10:18:43 INFO  objectstorage: New instance of org.apache.james.mailrepository.filepair.File_Persistent_Stream_Repository created for file://var/mail/spam/
06/03/07 10:18:43 INFO  objectstorage.repository: Init org.apache.james.mailrepository.filepair.File_Persistent_Object_Repository Store
06/03/07 10:18:43 INFO  objectstorage.repository: org.apache.james.mailrepository.filepair.File_Persistent_Object_Repository opened in C:\james-2.1.3\james-2.1.3\apps\james\var\mail\spam
06/03/07 10:18:43 INFO  objectstorage: New instance of org.apache.james.mailrepository.filepair.File_Persistent_Object_Repository created for file://var/mail/spam/
