01/01/05 01:30:12 INFO  spoolmanager: JamesSpoolManager init...
01/01/05 01:30:12 INFO  spoolmanager: Matcher RelayLimit=30 instantiated.
01/01/05 01:30:12 INFO  spoolmanager: Mailet Null instantiated.
01/01/05 01:30:12 INFO  spoolmanager: Matcher InSpammerBlacklist=query.bondedsender.org instantiated.
01/01/05 01:30:12 INFO  spoolmanager: Mailet ToProcessor instantiated.
01/01/05 01:30:12 INFO  spoolmanager: Matcher InSpammerBlacklist=dnsbl.njabl.org instantiated.
01/01/05 01:30:12 INFO  spoolmanager: Mailet ToProcessor instantiated.
01/01/05 01:30:12 INFO  spoolmanager: Matcher InSpammerBlacklist=relays.ordb.org instantiated.
01/01/05 01:30:12 INFO  spoolmanager: Mailet ToProcessor instantiated.
01/01/05 01:30:12 INFO  spoolmanager: Matcher All instantiated.
01/01/05 01:30:12 INFO  spoolmanager: Mailet ToProcessor instantiated.
01/01/05 01:30:12 INFO  spoolmanager: Processor root instantiated.
01/01/05 01:30:12 INFO  spoolmanager: Matcher All instantiated.
01/01/05 01:30:12 INFO  spoolmanager: Mailet ToRepository instantiated.
01/01/05 01:30:12 INFO  spoolmanager: Processor error instantiated.
01/01/05 01:30:12 INFO  spoolmanager: Matcher RecipientIsLocal instantiated.
01/01/05 01:30:12 INFO  spoolmanager: Mailet LocalDelivery instantiated.
01/01/05 01:30:12 INFO  spoolmanager: Matcher HostIsLocal instantiated.
01/01/05 01:30:12 INFO  spoolmanager: Mailet ToProcessor instantiated.
01/01/05 01:30:12 INFO  spoolmanager: Matcher RemoteAddrNotInNetwork=127.0.0.1 instantiated.
01/01/05 01:30:12 INFO  spoolmanager: Mailet ToProcessor instantiated.
01/01/05 01:30:12 INFO  spoolmanager: Matcher All instantiated.
01/01/05 01:30:12 INFO  spoolmanager: Mailet RemoteDelivery instantiated.
01/01/05 01:30:12 INFO  spoolmanager: Processor transport instantiated.
01/01/05 01:30:12 INFO  spoolmanager: Matcher All instantiated.
01/01/05 01:30:12 INFO  spoolmanager: Mailet ToRepository instantiated.
01/01/05 01:30:12 INFO  spoolmanager: Processor spam instantiated.
01/01/05 01:30:12 INFO  spoolmanager: Spooler Manager uses 10 Thread(s)
01/01/05 01:30:12 INFO  spoolmanager: Run JamesSpoolManager: default Worker #1
01/01/05 01:30:12 INFO  spoolmanager: Spool=org.apache.james.mailrepository.AvalonSpoolRepository
01/01/05 01:30:12 INFO  spoolmanager: Run JamesSpoolManager: default Worker #2
01/01/05 01:30:12 INFO  spoolmanager: Spool=org.apache.james.mailrepository.AvalonSpoolRepository
01/01/05 01:30:12 INFO  spoolmanager: Run JamesSpoolManager: default Worker #4
01/01/05 01:30:12 INFO  spoolmanager: Spool=org.apache.james.mailrepository.AvalonSpoolRepository
01/01/05 01:30:12 INFO  spoolmanager: Run JamesSpoolManager: default Worker #6
01/01/05 01:30:12 INFO  spoolmanager: Spool=org.apache.james.mailrepository.AvalonSpoolRepository
01/01/05 01:30:12 INFO  spoolmanager: Run JamesSpoolManager: default Worker #3
01/01/05 01:30:12 INFO  spoolmanager: Spool=org.apache.james.mailrepository.AvalonSpoolRepository
01/01/05 01:30:12 INFO  spoolmanager: Run JamesSpoolManager: default Worker #8
01/01/05 01:30:12 INFO  spoolmanager: Run JamesSpoolManager: default Worker #10
01/01/05 01:30:12 INFO  spoolmanager: Run JamesSpoolManager: default Worker #5
01/01/05 01:30:12 INFO  spoolmanager: Run JamesSpoolManager: default Worker #7
01/01/05 01:30:12 INFO  spoolmanager: Run JamesSpoolManager: default Worker #9
01/01/05 01:30:12 INFO  spoolmanager: Spool=org.apache.james.mailrepository.AvalonSpoolRepository
01/01/05 01:30:12 INFO  spoolmanager: Spool=org.apache.james.mailrepository.AvalonSpoolRepository
01/01/05 01:30:12 INFO  spoolmanager: Spool=org.apache.james.mailrepository.AvalonSpoolRepository
01/01/05 01:30:12 INFO  spoolmanager: Spool=org.apache.james.mailrepository.AvalonSpoolRepository
01/01/05 01:30:12 INFO  spoolmanager: Spool=org.apache.james.mailrepository.AvalonSpoolRepository
01/01/05 02:30:46 INFO  spoolmanager: JamesSpoolManager dispose...
