/*C12*/SET SCHEMA PUBLIC
CONNECT USER SA
DISCONNECT
/*C13*/SET SCHEMA PUBLIC
CONNECT USER SA
/*C14*/SET SCHEMA PUBLIC
CONNECT USER SA
/*C15*/SET SCHEMA PUBLIC
CONNECT USER SA
/*C16*/SET SCHEMA PUBLIC
CONNECT USER SA
/*C17*/SET SCHEMA PUBLIC
CONNECT USER SA
/*C18*/SET SCHEMA PUBLIC
CONNECT USER SA
/*C19*/SET SCHEMA PUBLIC
CONNECT USER SA
/*C20*/SET SCHEMA PUBLIC
CONNECT USER SA
/*C21*/SET SCHEMA PUBLIC
CONNECT USER SA
/*C22*/SET SCHEMA PUBLIC
CONNECT USER SA
DELETE FROM USERSETTINGS WHERE ID=346
INSERT INTO USERSETTINGS VALUES(346,'bharath','fromAddress','HYD')
DELETE FROM USERSETTINGS WHERE ID=347
INSERT INTO USERSETTINGS VALUES(347,'bharath','fullname','BHARATH')
DELETE FROM USERSETTINGS WHERE ID=348
INSERT INTO USERSETTINGS VALUES(348,'bharath','mailFormat','text')
DELETE FROM USERSETTINGS WHERE ID=349
INSERT INTO USERSETTINGS VALUES(349,'bharath','replyToAddress','bharath')
DELETE FROM USERSETTINGS WHERE ID=350
INSERT INTO USERSETTINGS VALUES(350,'bharath','signature','<p><strong><em>Regards </em></strong></p><p><strong><em>Bharath</em></strong></p>')
DELETE FROM USERSETTINGS WHERE ID=351
INSERT INTO USERSETTINGS VALUES(351,'bharath','displayType','nameFirst')
DELETE FROM USERSETTINGS WHERE ID=352
INSERT INTO USERSETTINGS VALUES(352,'bharath','timeZone','Europe/Istanbul')
DELETE FROM USERSETTINGS WHERE ID=353
INSERT INTO USERSETTINGS VALUES(353,'bharath','calendarHour','12')
DELETE FROM USERSETTINGS WHERE ID=354
INSERT INTO USERSETTINGS VALUES(354,'bharath','dayStarts','00')
DELETE FROM USERSETTINGS WHERE ID=355
INSERT INTO USERSETTINGS VALUES(355,'bharath','spamAnalysis','no')
DELETE FROM USERSETTINGS WHERE ID=356
INSERT INTO USERSETTINGS VALUES(356,'bharath','spamUserAccepts','0.9')
DELETE FROM USERSETTINGS WHERE ID=357
INSERT INTO USERSETTINGS VALUES(357,'bharath','deleteFetched','no')
DELETE FROM USERSETTINGS WHERE ID=358
INSERT INTO USERSETTINGS VALUES(358,'bharath','saveSent','yes')
DELETE FROM USERSETTINGS WHERE ID=359
INSERT INTO USERSETTINGS VALUES(359,'bharath','signaturePos','bottom')
DELETE FROM USERSETTINGS WHERE ID=360
INSERT INTO USERSETTINGS VALUES(360,'bharath','safeContacts','yes')
